{"name": "navigate home page", "status": "broken", "statusDetails": {"message": "selenium.common.exceptions.InvalidSessionIdException: Message: invalid session id\nStacktrace:\n\tGetHandleVerifier [0x00007FF637E022C2+60002]\n\t(No symbol) [0x00007FF637D7CA59]\n\t(No symbol) [0x00007FF637C37D09]\n\t(No symbol) [0x00007FF637C79272]\n\t(No symbol) [0x00007FF637C7A251]\n\tGetHandleVerifier [0x00007FF638113E2D+3278285]\n\tGetHandleVerifier [0x00007FF638160190+3590448]\n\tGetHandleVerifier [0x00007FF6381561D0+3549552]\n\tGetHandleVerifier [0x00007FF637EB1DE6+779654]\n\t(No symbol) [0x00007FF637D87ACF]\n\t(No symbol) [0x00007FF637D82EE4]\n\t(No symbol) [0x00007FF637D83072]\n\t(No symbol) [0x00007FF637D72C4F]\n\tBaseThreadInitThunk [0x00007FFC46A47374+20]\n\tRtlUserThreadStart [0x00007FFC4855CC91+33]\n\n", "trace": "  File \"C:\\Users\\HP\\PycharmProjects\\behaveprojs\\pythonProject\\.venv\\Lib\\site-packages\\behave\\model.py\", line 1329, in run\n    match.run(runner.context)\n  File \"C:\\Users\\HP\\PycharmProjects\\behaveprojs\\pythonProject\\.venv\\Lib\\site-packages\\behave\\matchers.py\", line 98, in run\n    self.func(context, *args, **kwargs)\n  File \"features\\steps\\steps_background.py\", line 55, in nav_home\n    context.driver.find_element(By.XPATH, '//a[text()=\"Home\"]').click()\n    ^^^^^^^^^^^^^^^^^^^^^^^^^^^^^^^^^^^^^^^^^^^^^^^^^^^^^^^^^^^\n  File \"C:\\Users\\HP\\PycharmProjects\\behaveprojs\\pythonProject\\.venv\\Lib\\site-packages\\selenium\\webdriver\\remote\\webdriver.py\", line 748, in find_element\n    return self.execute(Command.FIND_ELEMENT, {\"using\": by, \"value\": value})[\"value\"]\n           ^^^^^^^^^^^^^^^^^^^^^^^^^^^^^^^^^^^^^^^^^^^^^^^^^^^^^^^^^^^^^^^^^\n  File \"C:\\Users\\HP\\PycharmProjects\\behaveprojs\\pythonProject\\.venv\\Lib\\site-packages\\selenium\\webdriver\\remote\\webdriver.py\", line 354, in execute\n    self.error_handler.check_response(response)\n  File \"C:\\Users\\HP\\PycharmProjects\\behaveprojs\\pythonProject\\.venv\\Lib\\site-packages\\selenium\\webdriver\\remote\\errorhandler.py\", line 229, in check_response\n    raise exception_class(message, screen, stacktrace)\n"}, "steps": [{"name": "Given launch chrome browser", "status": "passed", "start": 1721111131043, "stop": 1721111132849}, {"name": "When open login page", "status": "passed", "start": 1721111132849, "stop": 1721111138604}, {"name": "Then verify logo present on page", "status": "passed", "start": 1721111138604, "stop": 1721111138789}, {"name": "And Enter username \"student\" and password \"Password123\"", "status": "passed", "start": 1721111138789, "stop": 1721111139269}, {"name": "And verify login", "status": "passed", "start": 1721111139269, "stop": 1721111155793}, {"name": "And Navigate to home page", "status": "broken", "statusDetails": {"message": "selenium.common.exceptions.InvalidSessionIdException: Message: invalid session id\nStacktrace:\n\tGetHandleVerifier [0x00007FF637E022C2+60002]\n\t(No symbol) [0x00007FF637D7CA59]\n\t(No symbol) [0x00007FF637C37D09]\n\t(No symbol) [0x00007FF637C79272]\n\t(No symbol) [0x00007FF637C7A251]\n\tGetHandleVerifier [0x00007FF638113E2D+3278285]\n\tGetHandleVerifier [0x00007FF638160190+3590448]\n\tGetHandleVerifier [0x00007FF6381561D0+3549552]\n\tGetHandleVerifier [0x00007FF637EB1DE6+779654]\n\t(No symbol) [0x00007FF637D87ACF]\n\t(No symbol) [0x00007FF637D82EE4]\n\t(No symbol) [0x00007FF637D83072]\n\t(No symbol) [0x00007FF637D72C4F]\n\tBaseThreadInitThunk [0x00007FFC46A47374+20]\n\tRtlUserThreadStart [0x00007FFC4855CC91+33]\n\n", "trace": "  File \"C:\\Users\\HP\\PycharmProjects\\behaveprojs\\pythonProject\\.venv\\Lib\\site-packages\\behave\\model.py\", line 1329, in run\n    match.run(runner.context)\n  File \"C:\\Users\\HP\\PycharmProjects\\behaveprojs\\pythonProject\\.venv\\Lib\\site-packages\\behave\\matchers.py\", line 98, in run\n    self.func(context, *args, **kwargs)\n  File \"features\\steps\\steps_background.py\", line 55, in nav_home\n    context.driver.find_element(By.XPATH, '//a[text()=\"Home\"]').click()\n    ^^^^^^^^^^^^^^^^^^^^^^^^^^^^^^^^^^^^^^^^^^^^^^^^^^^^^^^^^^^\n  File \"C:\\Users\\HP\\PycharmProjects\\behaveprojs\\pythonProject\\.venv\\Lib\\site-packages\\selenium\\webdriver\\remote\\webdriver.py\", line 748, in find_element\n    return self.execute(Command.FIND_ELEMENT, {\"using\": by, \"value\": value})[\"value\"]\n           ^^^^^^^^^^^^^^^^^^^^^^^^^^^^^^^^^^^^^^^^^^^^^^^^^^^^^^^^^^^^^^^^^\n  File \"C:\\Users\\HP\\PycharmProjects\\behaveprojs\\pythonProject\\.venv\\Lib\\site-packages\\selenium\\webdriver\\remote\\webdriver.py\", line 354, in execute\n    self.error_handler.check_response(response)\n  File \"C:\\Users\\HP\\PycharmProjects\\behaveprojs\\pythonProject\\.venv\\Lib\\site-packages\\selenium\\webdriver\\remote\\errorhandler.py\", line 229, in check_response\n    raise exception_class(message, screen, stacktrace)\n"}, "start": 1721111155793, "stop": 1721111155939}], "start": 1721111131043, "stop": 1721111155939, "uuid": "47bc624b-cbb8-48a0-afe8-24e6f3c96fb9", "historyId": "673161b8a6560f12b8c2320bcaf55beb", "fullName": "practicetestautomation: navigate home page", "labels": [{"name": "severity", "value": "normal"}, {"name": "feature", "value": "practicetestautomation"}, {"name": "framework", "value": "behave"}, {"name": "language", "value": "cpython3"}]}