{"name": "Logo presence on login page -- @1.2 ", "status": "broken", "statusDetails": {"message": "selenium.common.exceptions.NoSuchElementException: Message: no such element: Unable to locate element: {\"method\":\"xpath\",\"selector\":\"//strong[text()='Congratulations student. You successfully logged in!']\"}\n  (Session info: chrome=126.0.6478.127); For documentation on this error, please visit: https://www.selenium.dev/documentation/webdriver/troubleshooting/errors#no-such-element-exception\nStacktrace:\n\tGetHandleVerifier [0x00007FF637E022C2+60002]\n\t(No symbol) [0x00007FF637D7CA59]\n\t(No symbol) [0x00007FF637C37EDA]\n\t(No symbol) [0x00007FF637C876E6]\n\t(No symbol) [0x00007FF637C877AC]\n\t(No symbol) [0x00007FF637CCE9D7]\n\t(No symbol) [0x00007FF637CAC2CF]\n\t(No symbol) [0x00007FF637CCBCC7]\n\t(No symbol) [0x00007FF637CAC033]\n\t(No symbol) [0x00007FF637C79657]\n\t(No symbol) [0x00007FF637C7A251]\n\tGetHandleVerifier [0x00007FF638113E2D+3278285]\n\tGetHandleVerifier [0x00007FF638160190+3590448]\n\tGetHandleVerifier [0x00007FF6381561D0+3549552]\n\tGetHandleVerifier [0x00007FF637EB1DE6+779654]\n\t(No symbol) [0x00007FF637D87ACF]\n\t(No symbol) [0x00007FF637D82EE4]\n\t(No symbol) [0x00007FF637D83072]\n\t(No symbol) [0x00007FF637D72C4F]\n\tBaseThreadInitThunk [0x00007FFC46A47374+20]\n\tRtlUserThreadStart [0x00007FFC4855CC91+33]\n\n", "trace": "  File \"C:\\Users\\HP\\PycharmProjects\\behaveprojs\\pythonProject\\.venv\\Lib\\site-packages\\behave\\model.py\", line 1329, in run\n    match.run(runner.context)\n  File \"C:\\Users\\HP\\PycharmProjects\\behaveprojs\\pythonProject\\.venv\\Lib\\site-packages\\behave\\matchers.py\", line 98, in run\n    self.func(context, *args, **kwargs)\n  File \"features\\steps\\steps_background.py\", line 43, in verify_login\n    output_element = context.driver.find_element(By.XPATH,\"//strong[text()='Congratulations student. You successfully logged in!']\")\n                     ^^^^^^^^^^^^^^^^^^^^^^^^^^^^^^^^^^^^^^^^^^^^^^^^^^^^^^^^^^^^^^^^^^^^^^^^^^^^^^^^^^^^^^^^^^^^^^^^^^^^^^^^^^^^^^^\n  File \"C:\\Users\\HP\\PycharmProjects\\behaveprojs\\pythonProject\\.venv\\Lib\\site-packages\\selenium\\webdriver\\remote\\webdriver.py\", line 748, in find_element\n    return self.execute(Command.FIND_ELEMENT, {\"using\": by, \"value\": value})[\"value\"]\n           ^^^^^^^^^^^^^^^^^^^^^^^^^^^^^^^^^^^^^^^^^^^^^^^^^^^^^^^^^^^^^^^^^\n  File \"C:\\Users\\HP\\PycharmProjects\\behaveprojs\\pythonProject\\.venv\\Lib\\site-packages\\selenium\\webdriver\\remote\\webdriver.py\", line 354, in execute\n    self.error_handler.check_response(response)\n  File \"C:\\Users\\HP\\PycharmProjects\\behaveprojs\\pythonProject\\.venv\\Lib\\site-packages\\selenium\\webdriver\\remote\\errorhandler.py\", line 229, in check_response\n    raise exception_class(message, screen, stacktrace)\n"}, "steps": [{"name": "Given launch chrome browser", "status": "passed", "start": 1721111167630, "stop": 1721111169459}, {"name": "When open login page", "status": "passed", "start": 1721111169459, "stop": 1721111175194}, {"name": "Then verify logo present on page", "status": "passed", "start": 1721111175194, "stop": 1721111175254}, {"name": "And Enter username \"admin\" and password \"hiuho8oo\"", "status": "passed", "start": 1721111175254, "stop": 1721111175909}, {"name": "And verify login", "status": "broken", "statusDetails": {"message": "selenium.common.exceptions.NoSuchElementException: Message: no such element: Unable to locate element: {\"method\":\"xpath\",\"selector\":\"//strong[text()='Congratulations student. You successfully logged in!']\"}\n  (Session info: chrome=126.0.6478.127); For documentation on this error, please visit: https://www.selenium.dev/documentation/webdriver/troubleshooting/errors#no-such-element-exception\nStacktrace:\n\tGetHandleVerifier [0x00007FF637E022C2+60002]\n\t(No symbol) [0x00007FF637D7CA59]\n\t(No symbol) [0x00007FF637C37EDA]\n\t(No symbol) [0x00007FF637C876E6]\n\t(No symbol) [0x00007FF637C877AC]\n\t(No symbol) [0x00007FF637CCE9D7]\n\t(No symbol) [0x00007FF637CAC2CF]\n\t(No symbol) [0x00007FF637CCBCC7]\n\t(No symbol) [0x00007FF637CAC033]\n\t(No symbol) [0x00007FF637C79657]\n\t(No symbol) [0x00007FF637C7A251]\n\tGetHandleVerifier [0x00007FF638113E2D+3278285]\n\tGetHandleVerifier [0x00007FF638160190+3590448]\n\tGetHandleVerifier [0x00007FF6381561D0+3549552]\n\tGetHandleVerifier [0x00007FF637EB1DE6+779654]\n\t(No symbol) [0x00007FF637D87ACF]\n\t(No symbol) [0x00007FF637D82EE4]\n\t(No symbol) [0x00007FF637D83072]\n\t(No symbol) [0x00007FF637D72C4F]\n\tBaseThreadInitThunk [0x00007FFC46A47374+20]\n\tRtlUserThreadStart [0x00007FFC4855CC91+33]\n\n", "trace": "  File \"C:\\Users\\HP\\PycharmProjects\\behaveprojs\\pythonProject\\.venv\\Lib\\site-packages\\behave\\model.py\", line 1329, in run\n    match.run(runner.context)\n  File \"C:\\Users\\HP\\PycharmProjects\\behaveprojs\\pythonProject\\.venv\\Lib\\site-packages\\behave\\matchers.py\", line 98, in run\n    self.func(context, *args, **kwargs)\n  File \"features\\steps\\steps_background.py\", line 43, in verify_login\n    output_element = context.driver.find_element(By.XPATH,\"//strong[text()='Congratulations student. You successfully logged in!']\")\n                     ^^^^^^^^^^^^^^^^^^^^^^^^^^^^^^^^^^^^^^^^^^^^^^^^^^^^^^^^^^^^^^^^^^^^^^^^^^^^^^^^^^^^^^^^^^^^^^^^^^^^^^^^^^^^^^^\n  File \"C:\\Users\\HP\\PycharmProjects\\behaveprojs\\pythonProject\\.venv\\Lib\\site-packages\\selenium\\webdriver\\remote\\webdriver.py\", line 748, in find_element\n    return self.execute(Command.FIND_ELEMENT, {\"using\": by, \"value\": value})[\"value\"]\n           ^^^^^^^^^^^^^^^^^^^^^^^^^^^^^^^^^^^^^^^^^^^^^^^^^^^^^^^^^^^^^^^^^\n  File \"C:\\Users\\HP\\PycharmProjects\\behaveprojs\\pythonProject\\.venv\\Lib\\site-packages\\selenium\\webdriver\\remote\\webdriver.py\", line 354, in execute\n    self.error_handler.check_response(response)\n  File \"C:\\Users\\HP\\PycharmProjects\\behaveprojs\\pythonProject\\.venv\\Lib\\site-packages\\selenium\\webdriver\\remote\\errorhandler.py\", line 229, in check_response\n    raise exception_class(message, screen, stacktrace)\n"}, "start": 1721111175914, "stop": 1721111181119}], "parameters": [{"name": "username", "value": "admin"}, {"name": "password", "value": "hiuho8oo"}], "start": 1721111167624, "stop": 1721111181119, "uuid": "9f1f1bb7-3378-4ca8-9624-1bae55b7bc2c", "historyId": "3bf2164e9afdc9c2c8fe3dcdf58f0c21", "fullName": "practicetestautomation_multipleinputs: Logo presence on login page", "labels": [{"name": "severity", "value": "normal"}, {"name": "feature", "value": "practicetestautomation_multipleinputs"}, {"name": "framework", "value": "behave"}, {"name": "language", "value": "cpython3"}]}